{"name":"earp","hostname":"RCD01","pid":9328,"level":30,"msg":"Systems Started","time":"2020-08-01T15:00:00.034Z","v":0}
{"name":"earp","hostname":"RCD01","pid":9328,"level":30,"fileInfo":{"filename":"007_2020_07_29_B2CPLYRACCDTLS_V00.xml","oper":"007","date":"2020_07_29","type":"B2CPLYRACCDTLS_","vers":0,"hash":"16e344379ba40ec7602073d48441c90d0ad87952f26d0d7e83e70ccdf99b5058837d0b3e93ab44268bb15914fec65f7b89275ce10232f8c651f965554aade8d8"},"msg":"accepted","time":"2020-08-01T15:00:00.065Z","v":0}
{"name":"earp","hostname":"RCD01","pid":9328,"level":30,"fileInfo":{"filename":"007_2020_07_29_B2CPLYRACCDTLS_V00.xml","oper":"007","date":"2020_07_29","type":"B2CPLYRACCDTLS_","vers":0,"hash":null},"msg":"accepted","time":"2020-08-01T15:00:00.066Z","v":0}
{"name":"earp","hostname":"RCD01","pid":9328,"level":30,"msg":"007_2020_07_29_B2CPLYRACCDTLS_V00.xml has been removed","time":"2020-08-01T15:08:22.026Z","v":0}
{"name":"earp","hostname":"RCD01","pid":15968,"level":30,"msg":"Systems Started","time":"2020-08-01T15:13:04.988Z","v":0}
{"name":"earp","hostname":"RCD01","pid":15968,"level":30,"fileInfo":{"filename":"100_2020_07_29_B2CPLYRACCDTLS_V00.xml","oper":"100","date":"2020_07_29","type":"B2CPLYRACCDTLS_","vers":0,"hash":null},"msg":"accepted","time":"2020-08-01T15:13:05.006Z","v":0}
{"name":"earp","hostname":"RCD01","pid":15968,"level":30,"fileInfo":{"filename":"007_2020_07_29_B2CPLYRACCDTLS_V00.xml","oper":"007","date":"2020_07_29","type":"B2CPLYRACCDTLS_","vers":0,"hash":null},"msg":"accepted","time":"2020-08-01T15:13:05.009Z","v":0}
{"name":"earp","hostname":"RCD01","pid":19696,"level":30,"msg":"Systems Started","time":"2020-08-01T15:19:14.492Z","v":0}
{"name":"earp","hostname":"RCD01","pid":19696,"level":30,"fileInfo":{"filename":"100_2020_07_29_B2CPLYRACCDTLS_V00.xml","oper":"100","date":"2020_07_29","type":"B2CPLYRACCDTLS_","vers":0},"msg":"accepted","time":"2020-08-01T15:19:14.515Z","v":0}
{"name":"earp","hostname":"RCD01","pid":19696,"level":30,"fileInfo":{"filename":"007_2020_07_29_B2CPLYRACCDTLS_V00.xml","oper":"007","date":"2020_07_29","type":"B2CPLYRACCDTLS_","vers":0},"msg":"accepted","time":"2020-08-01T15:19:14.516Z","v":0}
{"name":"earp","hostname":"RCD01","pid":28952,"level":30,"msg":"Systems Started","time":"2020-08-01T15:19:38.677Z","v":0}
{"name":"earp","hostname":"RCD01","pid":28952,"level":30,"fileInfo":{"filename":"100_2020_07_29_B2CPLYRACCDTLS_V00.xml","oper":"100","date":"2020_07_29","type":"B2CPLYRACCDTLS_","vers":0,"hash":"4ecfb0b919107bd70e6a55021a403c701e54db3b8ab6cf8ee1d89b6d09f8bcf9f45faf126e5e4f5fc8d3214ed804e8937098d4985d1fef3ebddc42e0baff7850"},"msg":"accepted","time":"2020-08-01T15:19:38.700Z","v":0}
{"name":"earp","hostname":"RCD01","pid":28952,"level":30,"fileInfo":{"filename":"007_2020_07_29_B2CPLYRACCDTLS_V00.xml","oper":"007","date":"2020_07_29","type":"B2CPLYRACCDTLS_","vers":0,"hash":"4ecfb0b919107bd70e6a55021a403c701e54db3b8ab6cf8ee1d89b6d09f8bcf9f45faf126e5e4f5fc8d3214ed804e8937098d4985d1fef3ebddc42e0baff7850"},"msg":"accepted","time":"2020-08-01T15:19:38.701Z","v":0}
{"name":"earp","hostname":"RCD01","pid":28952,"level":30,"msg":"100_2020_07_29_B2CPLYRACCDTLS_V00.xml has been removed","time":"2020-08-01T15:20:06.190Z","v":0}
{"name":"earp","hostname":"RCD01","pid":28952,"level":30,"fileInfo":{"filename":"100_2020_07_29_B2CPLYRACCDTLS_V00.xml","oper":"100","date":"2020_07_29","type":"B2CPLYRACCDTLS_","vers":0,"hash":"4ecfb0b919107bd70e6a55021a403c701e54db3b8ab6cf8ee1d89b6d09f8bcf9f45faf126e5e4f5fc8d3214ed804e8937098d4985d1fef3ebddc42e0baff7850"},"msg":"accepted","time":"2020-08-01T15:20:14.646Z","v":0}
{"name":"earp","hostname":"RCD01","pid":13988,"level":30,"msg":"Systems Started","time":"2020-08-01T15:21:38.037Z","v":0}
{"name":"earp","hostname":"RCD01","pid":13988,"level":30,"fileInfo":{"filename":"100_2020_07_29_B2CPLYRACCDTLS_V00.xml","oper":"100","date":"2020_07_29","type":"B2CPLYRACCDTLS_","vers":0,"hash":"4ecfb0b919107bd70e6a55021a403c701e54db3b8ab6cf8ee1d89b6d09f8bcf9f45faf126e5e4f5fc8d3214ed804e8937098d4985d1fef3ebddc42e0baff7850"},"msg":"accepted","time":"2020-08-01T15:21:38.060Z","v":0}
{"name":"earp","hostname":"RCD01","pid":13988,"level":30,"fileInfo":{"filename":"007_2020_07_29_B2CPLYRACCDTLS_V00.xml","oper":"007","date":"2020_07_29","type":"B2CPLYRACCDTLS_","vers":0,"hash":"4ecfb0b919107bd70e6a55021a403c701e54db3b8ab6cf8ee1d89b6d09f8bcf9f45faf126e5e4f5fc8d3214ed804e8937098d4985d1fef3ebddc42e0baff7850"},"msg":"accepted","time":"2020-08-01T15:21:38.064Z","v":0}
{"name":"earp","hostname":"RCD01","pid":13988,"level":30,"msg":"100_2020_07_29_B2CPLYRACCDTLS_V00.xml has been removed","time":"2020-08-01T15:21:40.968Z","v":0}
{"name":"earp","hostname":"RCD01","pid":13988,"level":30,"fileInfo":{"filename":"100_2020_07_29_B2CPLYRACCDTLS_V00.xml","oper":"100","date":"2020_07_29","type":"B2CPLYRACCDTLS_","vers":0,"hash":"4ecfb0b919107bd70e6a55021a403c701e54db3b8ab6cf8ee1d89b6d09f8bcf9f45faf126e5e4f5fc8d3214ed804e8937098d4985d1fef3ebddc42e0baff7850"},"msg":"accepted","time":"2020-08-01T15:21:46.291Z","v":0}
{"name":"earp","hostname":"RCD01","pid":13988,"level":30,"msg":"007_2020_07_29_B2CPLYRACCDTLS_V00.xml has been removed","time":"2020-08-01T15:21:55.717Z","v":0}
{"name":"earp","hostname":"RCD01","pid":13988,"level":30,"fileInfo":{"filename":"007_2020_07_29_B2CPLYRACCDTLS_V00.xml","oper":"007","date":"2020_07_29","type":"B2CPLYRACCDTLS_","vers":0,"hash":"4ecfb0b919107bd70e6a55021a403c701e54db3b8ab6cf8ee1d89b6d09f8bcf9f45faf126e5e4f5fc8d3214ed804e8937098d4985d1fef3ebddc42e0baff7850"},"msg":"accepted","time":"2020-08-01T15:21:59.742Z","v":0}
{"name":"earp","hostname":"RCD01","pid":11708,"level":30,"msg":"Systems Started","time":"2020-08-01T15:31:58.215Z","v":0}
{"name":"earp","hostname":"RCD01","pid":11708,"level":30,"fileInfo":{"filename":"100_2020_07_29_B2CPLYRACCDTLS_V00.xml","oper":"100","date":"2020_07_29","type":"B2CPLYRACCDTLS_","vers":0,"hash":"4ecfb0b919107bd70e6a55021a403c701e54db3b8ab6cf8ee1d89b6d09f8bcf9f45faf126e5e4f5fc8d3214ed804e8937098d4985d1fef3ebddc42e0baff7850"},"msg":"accepted","time":"2020-08-01T15:31:58.242Z","v":0}
{"name":"earp","hostname":"RCD01","pid":11708,"level":30,"fileInfo":{"filename":"007_2020_07_29_B2CPLYRACCDTLS_V00.xml","oper":"007","date":"2020_07_29","type":"B2CPLYRACCDTLS_","vers":0,"hash":"4ecfb0b919107bd70e6a55021a403c701e54db3b8ab6cf8ee1d89b6d09f8bcf9f45faf126e5e4f5fc8d3214ed804e8937098d4985d1fef3ebddc42e0baff7850"},"msg":"accepted","time":"2020-08-01T15:31:58.251Z","v":0}
{"name":"earp","hostname":"RCD01","pid":11708,"level":30,"msg":"007_2020_07_29_B2CPLYRACCDTLS_V00.xml has been removed","time":"2020-08-01T15:32:11.579Z","v":0}
{"name":"earp","hostname":"RCD01","pid":11708,"level":30,"fileInfo":{"filename":"007_2020_07_29_B2CPLYRACCDTLS_V00.xml","oper":"007","date":"2020_07_29","type":"B2CPLYRACCDTLS_","vers":0},"msg":"invalid_xml_syntax","time":"2020-08-01T15:32:39.195Z","v":0}
{"name":"earp","hostname":"RCD01","pid":11708,"level":30,"msg":"007_2020_07_29_B2CPLYRACCDTLS_V00.xml has been removed","time":"2020-08-01T15:32:39.294Z","v":0}
{"name":"earp","hostname":"RCD01","pid":32696,"level":30,"msg":"Systems Started","time":"2020-08-01T15:34:03.282Z","v":0}
{"name":"earp","hostname":"RCD01","pid":32696,"level":30,"fileInfo":{"filename":"100_2020_07_29_B2CPLYRACCDTLS_V00.xml","oper":"100","date":"2020_07_29","type":"B2CPLYRACCDTLS_","vers":0,"hash":"4ecfb0b919107bd70e6a55021a403c701e54db3b8ab6cf8ee1d89b6d09f8bcf9f45faf126e5e4f5fc8d3214ed804e8937098d4985d1fef3ebddc42e0baff7850"},"msg":"accepted","time":"2020-08-01T15:34:03.308Z","v":0}
{"name":"earp","hostname":"RCD01","pid":32696,"level":30,"fileInfo":{"filename":"007_2020_07_29_B2CPLYRACCDTLS_V00.xml","oper":"007","date":"2020_07_29","type":"B2CPLYRACCDTLS_","vers":0},"msg":"invalid_xml_syntax","time":"2020-08-01T15:34:10.931Z","v":0}
{"name":"earp","hostname":"RCD01","pid":32696,"level":30,"msg":"007_2020_07_29_B2CPLYRACCDTLS_V00.xml has been removed","time":"2020-08-01T15:34:11.028Z","v":0}
{"name":"earp","hostname":"RCD01","pid":37568,"level":30,"msg":"Systems Started","time":"2020-08-01T15:37:29.412Z","v":0}
{"name":"earp","hostname":"RCD01","pid":37568,"level":30,"fileInfo":{"filename":"100_2020_07_29_B2CPLYRACCDTLS_V00.xml","oper":"100","date":"2020_07_29","type":"B2CPLYRACCDTLS_","vers":0,"hash":"4ecfb0b919107bd70e6a55021a403c701e54db3b8ab6cf8ee1d89b6d09f8bcf9f45faf126e5e4f5fc8d3214ed804e8937098d4985d1fef3ebddc42e0baff7850"},"msg":"accepted","time":"2020-08-01T15:37:29.451Z","v":0}
{"name":"earp","hostname":"RCD01","pid":37568,"level":30,"fileInfo":{"filename":"007_2020_07_29_B2CPLYRACCDTLS_V00.xml","oper":"007","date":"2020_07_29","type":"B2CPLYRACCDTLS_","vers":0},"msg":"invalid_xml_syntax","time":"2020-08-01T15:37:36.655Z","v":0}
{"name":"earp","hostname":"RCD01","pid":37568,"level":30,"msg":"007_2020_07_29_B2CPLYRACCDTLS_V00.xml has been removed","time":"2020-08-01T15:37:36.756Z","v":0}
{"name":"earp","hostname":"RCD01","pid":23700,"level":30,"msg":"Systems Started","time":"2020-08-01T15:38:34.935Z","v":0}
{"name":"earp","hostname":"RCD01","pid":23700,"level":30,"fileInfo":{"filename":"100_2020_07_29_B2CPLYRACCDTLS_V00.xml","oper":"100","date":"2020_07_29","type":"B2CPLYRACCDTLS_","vers":0,"hash":"4ecfb0b919107bd70e6a55021a403c701e54db3b8ab6cf8ee1d89b6d09f8bcf9f45faf126e5e4f5fc8d3214ed804e8937098d4985d1fef3ebddc42e0baff7850"},"msg":"accepted","time":"2020-08-01T15:38:34.965Z","v":0}
{"name":"earp","hostname":"RCD01","pid":23700,"level":30,"fileInfo":{"filename":"007_2020_07_29_B2CPLYRACCDTLS_V00.xml","oper":"007","date":"2020_07_29","type":"B2CPLYRACCDTLS_","vers":0},"msg":"invalid_xml_syntax","time":"2020-08-01T15:38:39.875Z","v":0}
{"name":"earp","hostname":"RCD01","pid":23700,"level":30,"msg":"007_2020_07_29_B2CPLYRACCDTLS_V00.xml has been removed","time":"2020-08-01T15:38:39.974Z","v":0}
{"name":"earp","hostname":"RCD01","pid":29216,"level":30,"msg":"Systems Started","time":"2020-08-01T15:40:25.243Z","v":0}
{"name":"earp","hostname":"RCD01","pid":29216,"level":30,"fileInfo":{"filename":"100_2020_07_29_B2CPLYRACCDTLS_V00.xml","oper":"100","date":"2020_07_29","type":"B2CPLYRACCDTLS_","vers":0,"hash":"4ecfb0b919107bd70e6a55021a403c701e54db3b8ab6cf8ee1d89b6d09f8bcf9f45faf126e5e4f5fc8d3214ed804e8937098d4985d1fef3ebddc42e0baff7850"},"msg":"accepted","time":"2020-08-01T15:40:25.266Z","v":0}
{"name":"earp","hostname":"RCD01","pid":29216,"level":30,"fileInfo":{"filename":"007_2020_07_29_B2CPLYRACCDTLS_V00.xml","oper":"007","date":"2020_07_29","type":"B2CPLYRACCDTLS_","vers":0,"hash":"f2d19a33b5aeefd904225f3f5f5034009e71a02e83c134e66946abf477877e4d7bcc002fc62415f5fdf7a79637bed7aac2c22a6435948a94eac8c8737208bea8"},"msg":"accepted","time":"2020-08-01T15:40:42.624Z","v":0}
{"name":"earp","hostname":"RCD01","pid":28492,"level":30,"msg":"Systems Started","time":"2020-08-01T15:45:31.114Z","v":0}
{"name":"earp","hostname":"RCD01","pid":28492,"level":30,"fileInfo":{"filename":"100_2020_07_29_B2CPLYRACCDTLS_V00.xml","oper":"100","date":"2020_07_29","type":"B2CPLYRACCDTLS_","vers":0,"hash":"4ecfb0b919107bd70e6a55021a403c701e54db3b8ab6cf8ee1d89b6d09f8bcf9f45faf126e5e4f5fc8d3214ed804e8937098d4985d1fef3ebddc42e0baff7850"},"msg":"accepted","time":"2020-08-01T15:45:31.140Z","v":0}
{"name":"earp","hostname":"RCD01","pid":28492,"level":30,"fileInfo":{"filename":"007_2020_07_29_B2CPLYRACCDTLS_V00.xml","oper":"007","date":"2020_07_29","type":"B2CPLYRACCDTLS_","vers":0},"msg":"invalid_xml_syntax","time":"2020-08-01T15:45:31.141Z","v":0}
{"name":"earp","hostname":"RCD01","pid":28492,"level":30,"msg":"007_2020_07_29_B2CPLYRACCDTLS_V00.xml has been removed","time":"2020-08-01T15:45:31.231Z","v":0}
{"name":"earp","hostname":"RCD01","pid":36024,"level":30,"msg":"Systems Started","time":"2020-08-01T15:46:24.115Z","v":0}
{"name":"earp","hostname":"RCD01","pid":36024,"level":30,"fileInfo":{"filename":"100_2020_07_29_B2CPLYRACCDTLS_V00.xml","oper":"100","date":"2020_07_29","type":"B2CPLYRACCDTLS_","vers":0,"hash":"4ecfb0b919107bd70e6a55021a403c701e54db3b8ab6cf8ee1d89b6d09f8bcf9f45faf126e5e4f5fc8d3214ed804e8937098d4985d1fef3ebddc42e0baff7850"},"msg":"accepted","time":"2020-08-01T15:46:24.138Z","v":0}
{"name":"earp","hostname":"RCD01","pid":36024,"level":30,"fileInfo":{"filename":"007_2020_07_29_B2CPLYRACCDTLS_V00.xml","oper":"007","date":"2020_07_29","type":"B2CPLYRACCDTLS_","vers":0},"msg":"invalid_xml_syntax","time":"2020-08-01T15:46:41.794Z","v":0}
{"name":"earp","hostname":"RCD01","pid":36024,"level":30,"msg":"007_2020_07_29_B2CPLYRACCDTLS_V00.xml has been removed","time":"2020-08-01T15:46:44.906Z","v":0}
{"name":"earp","hostname":"RCD01","pid":4052,"level":30,"msg":"Systems Started","time":"2020-08-01T15:48:56.425Z","v":0}
{"name":"earp","hostname":"RCD01","pid":4052,"level":30,"fileInfo":{"filename":"100_2020_07_29_B2CPLYRACCDTLS_V00.xml","oper":"100","date":"2020_07_29","type":"B2CPLYRACCDTLS_","vers":0,"hash":"4ecfb0b919107bd70e6a55021a403c701e54db3b8ab6cf8ee1d89b6d09f8bcf9f45faf126e5e4f5fc8d3214ed804e8937098d4985d1fef3ebddc42e0baff7850"},"msg":"accepted","time":"2020-08-01T15:48:56.444Z","v":0}
{"name":"earp","hostname":"RCD01","pid":4052,"level":30,"fileInfo":{"name":"007_2020_07_29_B2CPLYRACCDTLS_V=00 - Copy.xml"},"msg":"rejected","time":"2020-08-01T15:50:16.635Z","v":0}
{"name":"earp","hostname":"RCD01","pid":4052,"level":30,"msg":"007_2020_07_29_B2CPLYRACCDTLS_V=00 - Copy.xml has been removed","time":"2020-08-01T15:50:16.726Z","v":0}
{"name":"earp","hostname":"RCD01","pid":4052,"level":30,"fileInfo":{"name":"007_2020_07_29_B2CPLYRACCDTLS_00.xml"},"msg":"rejected","time":"2020-08-01T15:52:51.725Z","v":0}
{"name":"earp","hostname":"RCD01","pid":4052,"level":30,"msg":"007_2020_07_29_B2CPLYRACCDTLS_00.xml has been removed","time":"2020-08-01T15:52:51.822Z","v":0}
{"name":"earp","hostname":"RCD01","pid":4052,"level":30,"fileInfo":{"filename":"007_2020_07_29_B2CPLYRACCDTLS_V00.xml","oper":"007","date":"2020_07_29","type":"B2CPLYRACCDTLS_","vers":0},"msg":"invalid_xml_syntax","time":"2020-08-01T15:53:10.398Z","v":0}
{"name":"earp","hostname":"RCD01","pid":4052,"level":30,"msg":"007_2020_07_29_B2CPLYRACCDTLS_V00.xml has been removed","time":"2020-08-01T15:53:10.489Z","v":0}
{"name":"earp","hostname":"RCD01","pid":12156,"level":30,"msg":"Systems Started","time":"2020-08-01T15:58:54.238Z","v":0}
{"name":"earp","hostname":"RCD01","pid":12156,"level":30,"fileInfo":{"name":"100_2020_07_29_B2CPLYRACCDTLS_V00.xml","filename":"100_2020_07_29_B2CPLYRACCDTLS_V00.xml","oper":"100","date":"2020_07_29","type":"B2CPLYRACCDTLS_","vers":0,"hash":"4ecfb0b919107bd70e6a55021a403c701e54db3b8ab6cf8ee1d89b6d09f8bcf9f45faf126e5e4f5fc8d3214ed804e8937098d4985d1fef3ebddc42e0baff7850"},"msg":"accepted","time":"2020-08-01T15:58:54.258Z","v":0}
{"name":"earp","hostname":"RCD01","pid":12156,"level":30,"msg":"undefined rejected","time":"2020-08-01T15:59:14.833Z","v":0}
{"name":"earp","hostname":"RCD01","pid":12156,"level":30,"msg":"007_2020_07_29_B2CPLYRACCDTLS_00.xml has been removed","time":"2020-08-01T15:59:14.934Z","v":0}
{"name":"earp","hostname":"RCD01","pid":37820,"level":30,"msg":"Systems Started","time":"2020-08-01T16:01:08.278Z","v":0}
{"name":"earp","hostname":"RCD01","pid":37820,"level":30,"fileInfo":{"name":"100_2020_07_29_B2CPLYRACCDTLS_V00.xml","filename":"100_2020_07_29_B2CPLYRACCDTLS_V00.xml","oper":"100","date":"2020_07_29","type":"B2CPLYRACCDTLS_","vers":0,"hash":"4ecfb0b919107bd70e6a55021a403c701e54db3b8ab6cf8ee1d89b6d09f8bcf9f45faf126e5e4f5fc8d3214ed804e8937098d4985d1fef3ebddc42e0baff7850"},"msg":"accepted","time":"2020-08-01T16:01:08.299Z","v":0}
{"name":"earp","hostname":"RCD01","pid":37820,"level":30,"fileInfo":{},"msg":"rejected","time":"2020-08-01T16:01:19.537Z","v":0}
{"name":"earp","hostname":"RCD01","pid":37820,"level":30,"msg":"007_2020_07_29_B2CPLYRACCDTLS_00.xml has been removed","time":"2020-08-01T16:01:19.631Z","v":0}
{"name":"earp","hostname":"RCD01","pid":37820,"level":30,"fileInfo":{"name":"007_2020_07_29_B2CPLYRACCDTLS_V00.xml","filename":"007_2020_07_29_B2CPLYRACCDTLS_V00.xml","oper":"007","date":"2020_07_29","type":"B2CPLYRACCDTLS_","vers":0},"msg":"invalid_xml_syntax","time":"2020-08-01T16:02:24.969Z","v":0}
{"name":"earp","hostname":"RCD01","pid":37820,"level":30,"msg":"007_2020_07_29_B2CPLYRACCDTLS_V00.xml has been removed","time":"2020-08-01T16:02:25.068Z","v":0}
{"name":"earp","hostname":"RCD01","pid":932,"level":30,"msg":"Systems Started","time":"2020-08-01T16:02:35.509Z","v":0}
{"name":"earp","hostname":"RCD01","pid":932,"level":30,"fileInfo":{"name":"100_2020_07_29_B2CPLYRACCDTLS_V00.xml","filename":"100_2020_07_29_B2CPLYRACCDTLS_V00.xml","oper":"100","date":"2020_07_29","type":"B2CPLYRACCDTLS_","vers":0,"hash":"4ecfb0b919107bd70e6a55021a403c701e54db3b8ab6cf8ee1d89b6d09f8bcf9f45faf126e5e4f5fc8d3214ed804e8937098d4985d1fef3ebddc42e0baff7850"},"msg":"accepted","time":"2020-08-01T16:02:35.530Z","v":0}
{"name":"earp","hostname":"RCD01","pid":932,"level":30,"fileInfo":{"name":"007_2020_07_29_B2CPLYRACCDTLS_V00.xml","filename":"007_2020_07_29_B2CPLYRACCDTLS_V00.xml","oper":"007","date":"2020_07_29","type":"B2CPLYRACCDTLS_","vers":0},"msg":"invalid_xml_syntax","time":"2020-08-01T16:05:31.394Z","v":0}
{"name":"earp","hostname":"RCD01","pid":932,"level":30,"msg":"007_2020_07_29_B2CPLYRACCDTLS_V00.xml has been removed","time":"2020-08-01T16:05:31.493Z","v":0}
{"name":"earp","hostname":"RCD01","pid":38456,"level":30,"msg":"Systems Started","time":"2020-08-01T16:05:42.042Z","v":0}
{"name":"earp","hostname":"RCD01","pid":38456,"level":30,"fileInfo":{"filename":"100_2020_07_29_B2CPLYRACCDTLS_V00.xml","oper":"100","date":"2020_07_29","type":"B2CPLYRACCDTLS_","vers":0,"hash":"4ecfb0b919107bd70e6a55021a403c701e54db3b8ab6cf8ee1d89b6d09f8bcf9f45faf126e5e4f5fc8d3214ed804e8937098d4985d1fef3ebddc42e0baff7850"},"msg":"accepted","time":"2020-08-01T16:05:42.070Z","v":0}
{"name":"earp","hostname":"RCD01","pid":13532,"level":30,"msg":"Systems Started","time":"2020-08-01T16:08:19.532Z","v":0}
{"name":"earp","hostname":"RCD01","pid":13532,"level":30,"fileInfo":{"filename":"100_2020_07_29_B2CPLYRACCDTLS_V00.xml","oper":"100","date":"2020_07_29","type":"B2CPLYRACCDTLS_","vers":0,"hash":"4ecfb0b919107bd70e6a55021a403c701e54db3b8ab6cf8ee1d89b6d09f8bcf9f45faf126e5e4f5fc8d3214ed804e8937098d4985d1fef3ebddc42e0baff7850"},"msg":"accepted","time":"2020-08-01T16:08:19.551Z","v":0}
{"name":"earp","hostname":"RCD01","pid":13532,"level":30,"fileInfo":"007_2020_07_29_B2CPLYRACCDTLS_00.xml","msg":"rejected","time":"2020-08-01T16:08:28.884Z","v":0}
{"name":"earp","hostname":"RCD01","pid":13532,"level":30,"msg":"007_2020_07_29_B2CPLYRACCDTLS_00.xml has been removed","time":"2020-08-01T16:08:28.985Z","v":0}
{"name":"earp","hostname":"RCD01","pid":13532,"level":30,"fileInfo":"007_2020_07_29_B2CPLYRACCDTLS_V00.xml","msg":"invalid_xml_syntax","time":"2020-08-01T16:08:38.517Z","v":0}
{"name":"earp","hostname":"RCD01","pid":37024,"level":30,"msg":"Systems Started","time":"2020-08-01T16:11:49.667Z","v":0}
{"name":"earp","hostname":"RCD01","pid":37024,"level":30,"fileInfo":"007_2020_07_29_B2CPLYRACCDTLS_V00 (2).xml","msg":"rejected","time":"2020-08-01T16:11:49.684Z","v":0}
{"name":"earp","hostname":"RCD01","pid":37024,"level":30,"fileInfo":{"filename":"100_2020_07_29_B2CPLYRACCDTLS_V00.xml","oper":"100","date":"2020_07_29","type":"B2CPLYRACCDTLS_","vers":0,"hash":"4ecfb0b919107bd70e6a55021a403c701e54db3b8ab6cf8ee1d89b6d09f8bcf9f45faf126e5e4f5fc8d3214ed804e8937098d4985d1fef3ebddc42e0baff7850"},"msg":"accepted","time":"2020-08-01T16:11:49.694Z","v":0}
{"name":"earp","hostname":"RCD01","pid":37024,"level":30,"fileInfo":"007_2020_07_29_B2CPLYRACCDTLS_V00.xml","msg":"invalid_xml_syntax","time":"2020-08-01T16:11:49.695Z","v":0}
{"name":"earp","hostname":"RCD01","pid":37024,"level":30,"msg":"007_2020_07_29_B2CPLYRACCDTLS_V00 (2).xml has been removed","time":"2020-08-01T16:11:49.784Z","v":0}
{"name":"earp","hostname":"RCD01","pid":37024,"level":30,"msg":"007_2020_07_29_B2CPLYRACCDTLS_V00.xml has been removed","time":"2020-08-01T16:12:12.159Z","v":0}
{"name":"earp","hostname":"RCD01","pid":37024,"level":30,"fileInfo":{"filename":"007_2020_07_28_B2CPLYRACCDTLS_V00.xml","oper":"007","date":"2020_07_28","type":"B2CPLYRACCDTLS_","vers":0,"hash":"4ecfb0b919107bd70e6a55021a403c701e54db3b8ab6cf8ee1d89b6d09f8bcf9f45faf126e5e4f5fc8d3214ed804e8937098d4985d1fef3ebddc42e0baff7850"},"msg":"accepted","time":"2020-08-01T16:12:37.461Z","v":0}
{"name":"earp","hostname":"RCD01","pid":37024,"level":30,"fileInfo":"007_2020_07_29_B2CPLYRACCDTLS_V00.xml","msg":"invalid_xml_syntax","time":"2020-08-01T16:13:03.833Z","v":0}
{"name":"earp","hostname":"RCD01","pid":20996,"level":30,"msg":"Systems Started","time":"2020-08-01T16:13:50.913Z","v":0}
{"name":"earp","hostname":"RCD01","pid":20996,"level":30,"fileInfo":{"filename":"100_2020_07_29_B2CPLYRACCDTLS_V00.xml","oper":"100","date":"2020_07_29","type":"B2CPLYRACCDTLS_","vers":0,"hash":"4ecfb0b919107bd70e6a55021a403c701e54db3b8ab6cf8ee1d89b6d09f8bcf9f45faf126e5e4f5fc8d3214ed804e8937098d4985d1fef3ebddc42e0baff7850"},"msg":"accepted","time":"2020-08-01T16:13:50.941Z","v":0}
{"name":"earp","hostname":"RCD01","pid":20996,"level":30,"fileInfo":{"filename":"007_2020_07_28_B2CPLYRACCDTLS_V00.xml","oper":"007","date":"2020_07_28","type":"B2CPLYRACCDTLS_","vers":0,"hash":"4ecfb0b919107bd70e6a55021a403c701e54db3b8ab6cf8ee1d89b6d09f8bcf9f45faf126e5e4f5fc8d3214ed804e8937098d4985d1fef3ebddc42e0baff7850"},"msg":"accepted","time":"2020-08-01T16:13:50.947Z","v":0}
{"name":"earp","hostname":"RCD01","pid":20996,"level":30,"fileInfo":"007_2020_07_29_B2CPLYRACCDTLS_V00.xml","msg":"invalid_xml_syntax","time":"2020-08-01T16:13:50.949Z","v":0}
{"name":"earp","hostname":"RCD01","pid":36512,"level":30,"msg":"Systems Started","time":"2020-08-01T16:16:31.489Z","v":0}
{"name":"earp","hostname":"RCD01","pid":36512,"level":30,"fileInfo":{"filename":"100_2020_07_29_B2CPLYRACCDTLS_V00.xml","oper":"100","date":"2020_07_29","type":"B2CPLYRACCDTLS_","vers":0,"hash":"4ecfb0b919107bd70e6a55021a403c701e54db3b8ab6cf8ee1d89b6d09f8bcf9f45faf126e5e4f5fc8d3214ed804e8937098d4985d1fef3ebddc42e0baff7850"},"msg":"accepted","time":"2020-08-01T16:16:31.511Z","v":0}
{"name":"earp","hostname":"RCD01","pid":36512,"level":30,"fileInfo":{"filename":"007_2020_07_28_B2CPLYRACCDTLS_V00.xml","oper":"007","date":"2020_07_28","type":"B2CPLYRACCDTLS_","vers":0,"hash":"4ecfb0b919107bd70e6a55021a403c701e54db3b8ab6cf8ee1d89b6d09f8bcf9f45faf126e5e4f5fc8d3214ed804e8937098d4985d1fef3ebddc42e0baff7850"},"msg":"accepted","time":"2020-08-01T16:16:31.516Z","v":0}
{"name":"earp","hostname":"RCD01","pid":36512,"level":30,"fileInfo":"007_2020_07_29_B2CPLYRACCDTLS_V00.xml","msg":"invalid_xml_syntax","time":"2020-08-01T16:16:31.517Z","v":0}
{"name":"earp","hostname":"RCD01","pid":36512,"level":30,"fileInfo":"007_2020_07_29_B2CPLYRACCDTLS_00.xml","msg":"rejected","time":"2020-08-01T16:17:02.410Z","v":0}
{"name":"earp","hostname":"RCD01","pid":36512,"level":30,"msg":"007_2020_07_29_B2CPLYRACCDTLS_00.xml has been removed","time":"2020-08-01T16:17:10.305Z","v":0}
{"name":"earp","hostname":"RCD01","pid":36512,"level":30,"fileInfo":"007_2020_07_29_B2CPLYRACCDTLS_00.xml","msg":"rejected","time":"2020-08-01T16:18:25.625Z","v":0}
{"name":"earp","hostname":"RCD01","pid":36512,"level":30,"msg":"007_2020_07_29_B2CPLYRACCDTLS_00.xml has been removed","time":"2020-08-01T16:18:33.369Z","v":0}
{"name":"earp","hostname":"RCD01","pid":9948,"level":30,"msg":"Systems Started","time":"2020-08-01T16:21:42.156Z","v":0}
{"name":"earp","hostname":"RCD01","pid":9948,"level":30,"fileInfo":{"filename":"100_2020_07_29_B2CPLYRACCDTLS_V00.xml","oper":"100","date":"2020_07_29","type":"B2CPLYRACCDTLS_","vers":0,"hash":"4ecfb0b919107bd70e6a55021a403c701e54db3b8ab6cf8ee1d89b6d09f8bcf9f45faf126e5e4f5fc8d3214ed804e8937098d4985d1fef3ebddc42e0baff7850"},"msg":"accepted","time":"2020-08-01T16:21:42.184Z","v":0}
{"name":"earp","hostname":"RCD01","pid":9948,"level":30,"fileInfo":{"filename":"007_2020_07_28_B2CPLYRACCDTLS_V00.xml","oper":"007","date":"2020_07_28","type":"B2CPLYRACCDTLS_","vers":0,"hash":"4ecfb0b919107bd70e6a55021a403c701e54db3b8ab6cf8ee1d89b6d09f8bcf9f45faf126e5e4f5fc8d3214ed804e8937098d4985d1fef3ebddc42e0baff7850"},"msg":"accepted","time":"2020-08-01T16:21:42.189Z","v":0}
{"name":"earp","hostname":"RCD01","pid":9948,"level":30,"fileInfo":"007_2020_07_29_B2CPLYRACCDTLS_V00.xml","msg":"invalid_xml_syntax","time":"2020-08-01T16:21:42.190Z","v":0}
{"name":"earp","hostname":"RCD01","pid":29560,"level":30,"msg":"Systems Started","time":"2020-08-01T16:25:27.918Z","v":0}
{"name":"earp","hostname":"RCD01","pid":29560,"level":30,"fileInfo":{"filename":"100_2020_07_29_B2CPLYRACCDTLS_V00.xml","oper":"100","date":"2020_07_29","type":"B2CPLYRACCDTLS_","vers":0,"hash":"4ecfb0b919107bd70e6a55021a403c701e54db3b8ab6cf8ee1d89b6d09f8bcf9f45faf126e5e4f5fc8d3214ed804e8937098d4985d1fef3ebddc42e0baff7850"},"msg":"accepted","time":"2020-08-01T16:25:27.947Z","v":0}
{"name":"earp","hostname":"RCD01","pid":36984,"level":30,"msg":"Systems Started","time":"2020-08-01T16:26:33.975Z","v":0}
{"name":"earp","hostname":"RCD01","pid":36984,"level":30,"fileInfo":{"filename":"100_2020_07_29_B2CPLYRACCDTLS_V00.xml","oper":"100","date":"2020_07_29","type":"B2CPLYRACCDTLS_","vers":0,"hash":"4ecfb0b919107bd70e6a55021a403c701e54db3b8ab6cf8ee1d89b6d09f8bcf9f45faf126e5e4f5fc8d3214ed804e8937098d4985d1fef3ebddc42e0baff7850"},"msg":"accepted","time":"2020-08-01T16:26:34.000Z","v":0}
{"name":"earp","hostname":"RCD01","pid":36984,"level":30,"fileInfo":{"filename":"007_2020_07_28_B2CPLYRACCDTLS_V00.xml","oper":"007","date":"2020_07_28","type":"B2CPLYRACCDTLS_","vers":0,"hash":"4ecfb0b919107bd70e6a55021a403c701e54db3b8ab6cf8ee1d89b6d09f8bcf9f45faf126e5e4f5fc8d3214ed804e8937098d4985d1fef3ebddc42e0baff7850"},"msg":"accepted","time":"2020-08-01T16:26:34.004Z","v":0}
{"name":"earp","hostname":"RCD01","pid":36984,"level":30,"fileInfo":"007_2020_07_29_B2CPLYRACCDTLS_V00.xml","msg":"invalid_xml_syntax","time":"2020-08-01T16:26:34.005Z","v":0}
{"name":"earp","hostname":"RCD01","pid":23728,"level":30,"msg":"Systems Started","time":"2020-08-01T16:27:23.615Z","v":0}
{"name":"earp","hostname":"RCD01","pid":23728,"level":30,"fileInfo":{"filename":"100_2020_07_29_B2CPLYRACCDTLS_V00.xml","oper":"100","date":"2020_07_29","type":"B2CPLYRACCDTLS_","vers":0,"hash":"4ecfb0b919107bd70e6a55021a403c701e54db3b8ab6cf8ee1d89b6d09f8bcf9f45faf126e5e4f5fc8d3214ed804e8937098d4985d1fef3ebddc42e0baff7850"},"msg":"accepted","time":"2020-08-01T16:27:23.640Z","v":0}
{"name":"earp","hostname":"RCD01","pid":23728,"level":30,"fileInfo":{"filename":"007_2020_07_28_B2CPLYRACCDTLS_V00.xml","oper":"007","date":"2020_07_28","type":"B2CPLYRACCDTLS_","vers":0,"hash":"4ecfb0b919107bd70e6a55021a403c701e54db3b8ab6cf8ee1d89b6d09f8bcf9f45faf126e5e4f5fc8d3214ed804e8937098d4985d1fef3ebddc42e0baff7850"},"msg":"accepted","time":"2020-08-01T16:27:23.644Z","v":0}
{"name":"earp","hostname":"RCD01","pid":23728,"level":30,"fileInfo":"007_2020_07_29_B2CPLYRACCDTLS_V00.xml","msg":"invalid_xml_syntax","time":"2020-08-01T16:27:23.644Z","v":0}
{"name":"earp","hostname":"RCD01","pid":23728,"level":30,"fileInfo":"007_2020_07_29_B2CPLYRACCDTLS_00.xml","msg":"rejected","time":"2020-08-01T16:27:36.135Z","v":0}
{"name":"earp","hostname":"RCD01","pid":34120,"level":30,"msg":"Systems Started","time":"2020-08-01T16:28:39.275Z","v":0}
{"name":"earp","hostname":"RCD01","pid":34120,"level":30,"fileInfo":{"filename":"100_2020_07_29_B2CPLYRACCDTLS_V00.xml","oper":"100","date":"2020_07_29","type":"B2CPLYRACCDTLS_","vers":0,"hash":"4ecfb0b919107bd70e6a55021a403c701e54db3b8ab6cf8ee1d89b6d09f8bcf9f45faf126e5e4f5fc8d3214ed804e8937098d4985d1fef3ebddc42e0baff7850"},"msg":"accepted","time":"2020-08-01T16:28:39.301Z","v":0}
{"name":"earp","hostname":"RCD01","pid":34120,"level":30,"fileInfo":{"filename":"007_2020_07_28_B2CPLYRACCDTLS_V00.xml","oper":"007","date":"2020_07_28","type":"B2CPLYRACCDTLS_","vers":0,"hash":"4ecfb0b919107bd70e6a55021a403c701e54db3b8ab6cf8ee1d89b6d09f8bcf9f45faf126e5e4f5fc8d3214ed804e8937098d4985d1fef3ebddc42e0baff7850"},"msg":"accepted","time":"2020-08-01T16:28:39.305Z","v":0}
{"name":"earp","hostname":"RCD01","pid":34120,"level":30,"fileInfo":"007_2020_07_29_B2CPLYRACCDTLS_V00.xml","msg":"invalid_xml_syntax","time":"2020-08-01T16:28:39.306Z","v":0}
{"name":"earp","hostname":"RCD01","pid":25228,"level":30,"msg":"Systems Started","time":"2020-08-01T16:29:43.933Z","v":0}
{"name":"earp","hostname":"RCD01","pid":25228,"level":30,"fileInfo":{"filename":"100_2020_07_29_B2CPLYRACCDTLS_V00.xml","oper":"100","date":"2020_07_29","type":"B2CPLYRACCDTLS_","vers":0,"hash":"4ecfb0b919107bd70e6a55021a403c701e54db3b8ab6cf8ee1d89b6d09f8bcf9f45faf126e5e4f5fc8d3214ed804e8937098d4985d1fef3ebddc42e0baff7850"},"msg":"accepted","time":"2020-08-01T16:29:43.960Z","v":0}
{"name":"earp","hostname":"RCD01","pid":16108,"level":30,"msg":"Systems Started","time":"2020-08-01T16:30:04.100Z","v":0}
{"name":"earp","hostname":"RCD01","pid":16108,"level":30,"fileInfo":{"filename":"100_2020_07_29_B2CPLYRACCDTLS_V00.xml","oper":"100","date":"2020_07_29","type":"B2CPLYRACCDTLS_","vers":0,"hash":"4ecfb0b919107bd70e6a55021a403c701e54db3b8ab6cf8ee1d89b6d09f8bcf9f45faf126e5e4f5fc8d3214ed804e8937098d4985d1fef3ebddc42e0baff7850"},"msg":"accepted","time":"2020-08-01T16:30:04.131Z","v":0}
{"name":"earp","hostname":"RCD01","pid":16108,"level":30,"fileInfo":{"filename":"007_2020_07_28_B2CPLYRACCDTLS_V00.xml","oper":"007","date":"2020_07_28","type":"B2CPLYRACCDTLS_","vers":0,"hash":"4ecfb0b919107bd70e6a55021a403c701e54db3b8ab6cf8ee1d89b6d09f8bcf9f45faf126e5e4f5fc8d3214ed804e8937098d4985d1fef3ebddc42e0baff7850"},"msg":"accepted","time":"2020-08-01T16:30:04.137Z","v":0}
{"name":"earp","hostname":"RCD01","pid":16108,"level":30,"fileInfo":"007_2020_07_29_B2CPLYRACCDTLS_V00.xml","msg":"invalid_xml_syntax","time":"2020-08-01T16:30:04.139Z","v":0}
{"name":"earp","hostname":"RCD01","pid":14724,"level":30,"msg":"Systems Started","time":"2020-08-01T16:31:35.542Z","v":0}
{"name":"earp","hostname":"RCD01","pid":14724,"level":30,"fileInfo":{"filename":"100_2020_07_29_B2CPLYRACCDTLS_V00.xml","oper":"100","date":"2020_07_29","type":"B2CPLYRACCDTLS_","vers":0,"hash":"4ecfb0b919107bd70e6a55021a403c701e54db3b8ab6cf8ee1d89b6d09f8bcf9f45faf126e5e4f5fc8d3214ed804e8937098d4985d1fef3ebddc42e0baff7850"},"msg":"accepted","time":"2020-08-01T16:31:35.564Z","v":0}
{"name":"earp","hostname":"RCD01","pid":14724,"level":30,"fileInfo":{"filename":"007_2020_07_28_B2CPLYRACCDTLS_V00.xml","oper":"007","date":"2020_07_28","type":"B2CPLYRACCDTLS_","vers":0,"hash":"4ecfb0b919107bd70e6a55021a403c701e54db3b8ab6cf8ee1d89b6d09f8bcf9f45faf126e5e4f5fc8d3214ed804e8937098d4985d1fef3ebddc42e0baff7850"},"msg":"accepted","time":"2020-08-01T16:31:35.568Z","v":0}
{"name":"earp","hostname":"RCD01","pid":14724,"level":30,"fileInfo":"007_2020_07_29_B2CPLYRACCDTLS_V00.xml","msg":"invalid_xml_syntax","time":"2020-08-01T16:31:46.434Z","v":0}
{"name":"earp","hostname":"RCD01","pid":7024,"level":30,"msg":"Systems Started","time":"2020-08-01T16:36:43.718Z","v":0}
{"name":"earp","hostname":"RCD01","pid":7024,"level":30,"fileInfo":"007_2020_07_29_B2CPLYRACCDTLS_V00.xml","msg":"invalid_xml_syntax","time":"2020-08-01T16:36:43.746Z","v":0}
{"name":"earp","hostname":"RCD01","pid":7024,"level":30,"fileInfo":{"filename":"100_2020_07_29_B2CPLYRACCDTLS_V00.xml","oper":"100","date":"2020_07_29","type":"B2CPLYRACCDTLS_","vers":0,"hash":"4ecfb0b919107bd70e6a55021a403c701e54db3b8ab6cf8ee1d89b6d09f8bcf9f45faf126e5e4f5fc8d3214ed804e8937098d4985d1fef3ebddc42e0baff7850"},"msg":"accepted","time":"2020-08-01T16:36:43.749Z","v":0}
{"name":"earp","hostname":"RCD01","pid":7024,"level":30,"fileInfo":{"filename":"007_2020_07_28_B2CPLYRACCDTLS_V00.xml","oper":"007","date":"2020_07_28","type":"B2CPLYRACCDTLS_","vers":0,"hash":"4ecfb0b919107bd70e6a55021a403c701e54db3b8ab6cf8ee1d89b6d09f8bcf9f45faf126e5e4f5fc8d3214ed804e8937098d4985d1fef3ebddc42e0baff7850"},"msg":"accepted","time":"2020-08-01T16:36:43.749Z","v":0}
{"name":"earp","hostname":"RCD01","pid":34076,"level":30,"msg":"Systems Started","time":"2020-08-01T16:40:09.036Z","v":0}
{"name":"earp","hostname":"RCD01","pid":34076,"level":30,"fileInfo":{"filename":"100_2020_07_29_B2CPLYRACCDTLS_V00.xml","oper":"100","date":"2020_07_29","type":"B2CPLYRACCDTLS_","vers":0,"hash":"4ecfb0b919107bd70e6a55021a403c701e54db3b8ab6cf8ee1d89b6d09f8bcf9f45faf126e5e4f5fc8d3214ed804e8937098d4985d1fef3ebddc42e0baff7850"},"msg":"accepted","time":"2020-08-01T16:40:09.065Z","v":0}
{"name":"earp","hostname":"RCD01","pid":34076,"level":30,"fileInfo":{"filename":"007_2020_07_28_B2CPLYRACCDTLS_V00.xml","oper":"007","date":"2020_07_28","type":"B2CPLYRACCDTLS_","vers":0,"hash":"4ecfb0b919107bd70e6a55021a403c701e54db3b8ab6cf8ee1d89b6d09f8bcf9f45faf126e5e4f5fc8d3214ed804e8937098d4985d1fef3ebddc42e0baff7850"},"msg":"accepted","time":"2020-08-01T16:40:09.066Z","v":0}
{"name":"earp","hostname":"RCD01","pid":34076,"level":30,"fileInfo":"007_2020_07_29_B2CPLYRACCDTLS_00.xml","msg":"rejected","time":"2020-08-01T16:40:29.642Z","v":0}
{"name":"earp","hostname":"RCD01","pid":34076,"level":30,"msg":"007_2020_07_29_B2CPLYRACCDTLS_00.xml has been removed","time":"2020-08-01T16:40:29.745Z","v":0}
{"name":"earp","hostname":"RCD01","pid":34076,"level":30,"fileInfo":"007_2020_07_29_B2CPLYRACCDTLS_V00.xml","msg":"invalid_xml_syntax","time":"2020-08-01T16:40:57.934Z","v":0}
{"name":"earp","hostname":"RCD01","pid":35892,"level":30,"msg":"Systems Started","time":"2020-08-01T16:46:43.902Z","v":0}
{"name":"earp","hostname":"RCD01","pid":35892,"level":30,"fileInfo":{"filename":"100_2020_07_29_B2CPLYRACCDTLS_V00.xml","oper":"100","date":"2020_07_29","type":"B2CPLYRACCDTLS_","vers":0,"hash":"4ecfb0b919107bd70e6a55021a403c701e54db3b8ab6cf8ee1d89b6d09f8bcf9f45faf126e5e4f5fc8d3214ed804e8937098d4985d1fef3ebddc42e0baff7850"},"msg":"accepted","time":"2020-08-01T16:46:43.931Z","v":0}
{"name":"earp","hostname":"RCD01","pid":35892,"level":30,"fileInfo":{"filename":"007_2020_07_28_B2CPLYRACCDTLS_V00.xml","oper":"007","date":"2020_07_28","type":"B2CPLYRACCDTLS_","vers":0,"hash":"4ecfb0b919107bd70e6a55021a403c701e54db3b8ab6cf8ee1d89b6d09f8bcf9f45faf126e5e4f5fc8d3214ed804e8937098d4985d1fef3ebddc42e0baff7850"},"msg":"accepted","time":"2020-08-01T16:46:43.932Z","v":0}
{"name":"earp","hostname":"RCD01","pid":35892,"level":30,"fileInfo":"007_2020_07_29_B2CPLYRACCDTLS_V00.xml","msg":"invalid_xml_syntax","time":"2020-08-01T16:46:56.567Z","v":0}
{"name":"earp","hostname":"RCD01","pid":21620,"level":30,"msg":"Systems Started","time":"2020-08-01T16:51:02.710Z","v":0}
{"name":"earp","hostname":"RCD01","pid":21620,"level":30,"fileInfo":"007_2020_07_29_B2CPLYRACCDTLS_V00.xml","msg":"invalid_xml_syntax","time":"2020-08-01T16:51:02.735Z","v":0}
{"name":"earp","hostname":"RCD01","pid":21620,"level":30,"fileInfo":{"filename":"100_2020_07_29_B2CPLYRACCDTLS_V00.xml","oper":"100","date":"2020_07_29","type":"B2CPLYRACCDTLS_","vers":0,"hash":"4ecfb0b919107bd70e6a55021a403c701e54db3b8ab6cf8ee1d89b6d09f8bcf9f45faf126e5e4f5fc8d3214ed804e8937098d4985d1fef3ebddc42e0baff7850"},"msg":"accepted","time":"2020-08-01T16:51:02.738Z","v":0}
{"name":"earp","hostname":"RCD01","pid":21620,"level":30,"fileInfo":{"filename":"007_2020_07_28_B2CPLYRACCDTLS_V00.xml","oper":"007","date":"2020_07_28","type":"B2CPLYRACCDTLS_","vers":0,"hash":"4ecfb0b919107bd70e6a55021a403c701e54db3b8ab6cf8ee1d89b6d09f8bcf9f45faf126e5e4f5fc8d3214ed804e8937098d4985d1fef3ebddc42e0baff7850"},"msg":"accepted","time":"2020-08-01T16:51:02.739Z","v":0}
{"name":"earp","hostname":"RCD01","pid":7376,"level":30,"msg":"Systems Started","time":"2020-08-01T16:52:04.318Z","v":0}
{"name":"earp","hostname":"RCD01","pid":7376,"level":30,"fileInfo":{"filename":"100_2020_07_29_B2CPLYRACCDTLS_V00.xml","oper":"100","date":"2020_07_29","type":"B2CPLYRACCDTLS_","vers":0,"hash":"4ecfb0b919107bd70e6a55021a403c701e54db3b8ab6cf8ee1d89b6d09f8bcf9f45faf126e5e4f5fc8d3214ed804e8937098d4985d1fef3ebddc42e0baff7850"},"msg":"accepted","time":"2020-08-01T16:52:04.357Z","v":0}
{"name":"earp","hostname":"RCD01","pid":7376,"level":30,"fileInfo":{"filename":"007_2020_07_28_B2CPLYRACCDTLS_V00.xml","oper":"007","date":"2020_07_28","type":"B2CPLYRACCDTLS_","vers":0,"hash":"4ecfb0b919107bd70e6a55021a403c701e54db3b8ab6cf8ee1d89b6d09f8bcf9f45faf126e5e4f5fc8d3214ed804e8937098d4985d1fef3ebddc42e0baff7850"},"msg":"accepted","time":"2020-08-01T16:52:04.358Z","v":0}
{"name":"earp","hostname":"RCD01","pid":7376,"level":30,"fileInfo":"007_2020_07_29_B2CPLYRACCDTLS_V00.xml","msg":"invalid_xml_syntax","time":"2020-08-01T16:52:32.439Z","v":0}
{"name":"earp","hostname":"RCD01","pid":38088,"level":30,"msg":"Systems Started","time":"2020-08-01T16:53:34.763Z","v":0}
{"name":"earp","hostname":"RCD01","pid":38088,"level":30,"fileInfo":{"filename":"100_2020_07_29_B2CPLYRACCDTLS_V00.xml","oper":"100","date":"2020_07_29","type":"B2CPLYRACCDTLS_","vers":0,"hash":"4ecfb0b919107bd70e6a55021a403c701e54db3b8ab6cf8ee1d89b6d09f8bcf9f45faf126e5e4f5fc8d3214ed804e8937098d4985d1fef3ebddc42e0baff7850"},"msg":"accepted","time":"2020-08-01T16:53:34.788Z","v":0}
{"name":"earp","hostname":"RCD01","pid":38088,"level":30,"fileInfo":{"filename":"007_2020_07_28_B2CPLYRACCDTLS_V00.xml","oper":"007","date":"2020_07_28","type":"B2CPLYRACCDTLS_","vers":0,"hash":"4ecfb0b919107bd70e6a55021a403c701e54db3b8ab6cf8ee1d89b6d09f8bcf9f45faf126e5e4f5fc8d3214ed804e8937098d4985d1fef3ebddc42e0baff7850"},"msg":"accepted","time":"2020-08-01T16:53:34.789Z","v":0}
{"name":"earp","hostname":"RCD01","pid":38088,"level":30,"fileInfo":"007_2020_07_29_B2CPLYRACCDTLS_00.xml","msg":"rejected","time":"2020-08-01T16:53:48.777Z","v":0}
{"name":"earp","hostname":"RCD01","pid":38088,"level":30,"msg":"007_2020_07_29_B2CPLYRACCDTLS_00.xml has been removed","time":"2020-08-01T16:53:48.880Z","v":0}
{"name":"earp","hostname":"RCD01","pid":38088,"level":30,"fileInfo":"007_2020_07_29_B2CPLYRACCDTLS_V00.xml","msg":"invalid_xml_syntax","time":"2020-08-01T16:53:58.766Z","v":0}
{"name":"earp","hostname":"RCD01","pid":15860,"level":30,"msg":"Systems Started","time":"2020-08-01T16:56:40.107Z","v":0}
{"name":"earp","hostname":"RCD01","pid":37848,"level":30,"msg":"Systems Started","time":"2020-08-01T16:57:20.315Z","v":0}
{"name":"earp","hostname":"RCD01","pid":37848,"level":30,"fileInfo":{"filename":"100_2020_07_29_B2CPLYRACCDTLS_V00.xml","oper":"100","date":"2020_07_29","type":"B2CPLYRACCDTLS_","vers":0,"hash":"4ecfb0b919107bd70e6a55021a403c701e54db3b8ab6cf8ee1d89b6d09f8bcf9f45faf126e5e4f5fc8d3214ed804e8937098d4985d1fef3ebddc42e0baff7850"},"msg":"accepted","time":"2020-08-01T16:57:20.341Z","v":0}
{"name":"earp","hostname":"RCD01","pid":37848,"level":30,"fileInfo":{"filename":"007_2020_07_28_B2CPLYRACCDTLS_V00.xml","oper":"007","date":"2020_07_28","type":"B2CPLYRACCDTLS_","vers":0,"hash":"4ecfb0b919107bd70e6a55021a403c701e54db3b8ab6cf8ee1d89b6d09f8bcf9f45faf126e5e4f5fc8d3214ed804e8937098d4985d1fef3ebddc42e0baff7850"},"msg":"accepted","time":"2020-08-01T16:57:20.342Z","v":0}
{"name":"earp","hostname":"RCD01","pid":37848,"level":30,"fileInfo":"007_2020_07_29_B2CPLYRACCDTLS_V00.xml","msg":"invalid_xml_syntax","time":"2020-08-01T16:57:31.505Z","v":0}
{"name":"earp","hostname":"RCD01","pid":22616,"level":30,"msg":"Systems Started","time":"2020-08-01T16:59:30.424Z","v":0}
{"name":"earp","hostname":"RCD01","pid":22616,"level":30,"fileInfo":{"filename":"100_2020_07_29_B2CPLYRACCDTLS_V00.xml","oper":"100","date":"2020_07_29","type":"B2CPLYRACCDTLS_","vers":0,"hash":"4ecfb0b919107bd70e6a55021a403c701e54db3b8ab6cf8ee1d89b6d09f8bcf9f45faf126e5e4f5fc8d3214ed804e8937098d4985d1fef3ebddc42e0baff7850"},"msg":"accepted","time":"2020-08-01T16:59:30.460Z","v":0}
{"name":"earp","hostname":"RCD01","pid":22616,"level":30,"fileInfo":{"filename":"007_2020_07_28_B2CPLYRACCDTLS_V00.xml","oper":"007","date":"2020_07_28","type":"B2CPLYRACCDTLS_","vers":0,"hash":"4ecfb0b919107bd70e6a55021a403c701e54db3b8ab6cf8ee1d89b6d09f8bcf9f45faf126e5e4f5fc8d3214ed804e8937098d4985d1fef3ebddc42e0baff7850"},"msg":"accepted","time":"2020-08-01T16:59:30.461Z","v":0}
{"name":"earp","hostname":"RCD01","pid":22616,"level":30,"fileInfo":"007_2020_07_29_B2CPLYRACCDTLS_V00.xml","msg":"invalid_xml_syntax","time":"2020-08-01T16:59:42.410Z","v":0}
{"name":"earp","hostname":"RCD01","pid":27180,"level":30,"msg":"Systems Started","time":"2020-08-01T17:00:56.728Z","v":0}
{"name":"earp","hostname":"RCD01","pid":27180,"level":30,"fileInfo":{"filename":"100_2020_07_29_B2CPLYRACCDTLS_V00.xml","oper":"100","date":"2020_07_29","type":"B2CPLYRACCDTLS_","vers":0,"hash":"4ecfb0b919107bd70e6a55021a403c701e54db3b8ab6cf8ee1d89b6d09f8bcf9f45faf126e5e4f5fc8d3214ed804e8937098d4985d1fef3ebddc42e0baff7850"},"msg":"accepted","time":"2020-08-01T17:00:56.752Z","v":0}
{"name":"earp","hostname":"RCD01","pid":27180,"level":30,"fileInfo":{"filename":"007_2020_07_28_B2CPLYRACCDTLS_V00.xml","oper":"007","date":"2020_07_28","type":"B2CPLYRACCDTLS_","vers":0,"hash":"4ecfb0b919107bd70e6a55021a403c701e54db3b8ab6cf8ee1d89b6d09f8bcf9f45faf126e5e4f5fc8d3214ed804e8937098d4985d1fef3ebddc42e0baff7850"},"msg":"accepted","time":"2020-08-01T17:00:56.753Z","v":0}
{"name":"earp","hostname":"RCD01","pid":27180,"level":30,"fileInfo":"007_2020_07_29_B2CPLYRACCDTLS_V00.xml","msg":"invalid_xml_syntax","time":"2020-08-01T17:01:07.354Z","v":0}
{"name":"earp","hostname":"RCD01","pid":32176,"level":30,"msg":"Systems Started","time":"2020-08-01T17:06:12.856Z","v":0}
{"name":"earp","hostname":"RCD01","pid":32176,"level":30,"fileInfo":{"filename":"100_2020_07_29_B2CPLYRACCDTLS_V00.xml","oper":"100","date":"2020_07_29","type":"B2CPLYRACCDTLS_","vers":0,"hash":"4ecfb0b919107bd70e6a55021a403c701e54db3b8ab6cf8ee1d89b6d09f8bcf9f45faf126e5e4f5fc8d3214ed804e8937098d4985d1fef3ebddc42e0baff7850"},"msg":"accepted","time":"2020-08-01T17:06:12.895Z","v":0}
{"name":"earp","hostname":"RCD01","pid":32176,"level":30,"fileInfo":{"filename":"007_2020_07_28_B2CPLYRACCDTLS_V00.xml","oper":"007","date":"2020_07_28","type":"B2CPLYRACCDTLS_","vers":0,"hash":"4ecfb0b919107bd70e6a55021a403c701e54db3b8ab6cf8ee1d89b6d09f8bcf9f45faf126e5e4f5fc8d3214ed804e8937098d4985d1fef3ebddc42e0baff7850"},"msg":"accepted","time":"2020-08-01T17:06:12.896Z","v":0}
{"name":"earp","hostname":"RCD01","pid":35648,"level":30,"msg":"Systems Started","time":"2020-08-01T17:06:51.644Z","v":0}
{"name":"earp","hostname":"RCD01","pid":35648,"level":30,"fileInfo":{"filename":"100_2020_07_29_B2CPLYRACCDTLS_V00.xml","oper":"100","date":"2020_07_29","type":"B2CPLYRACCDTLS_","vers":0,"hash":"4ecfb0b919107bd70e6a55021a403c701e54db3b8ab6cf8ee1d89b6d09f8bcf9f45faf126e5e4f5fc8d3214ed804e8937098d4985d1fef3ebddc42e0baff7850"},"msg":"accepted","time":"2020-08-01T17:06:51.674Z","v":0}
{"name":"earp","hostname":"RCD01","pid":35648,"level":30,"fileInfo":{"filename":"007_2020_07_28_B2CPLYRACCDTLS_V00.xml","oper":"007","date":"2020_07_28","type":"B2CPLYRACCDTLS_","vers":0,"hash":"4ecfb0b919107bd70e6a55021a403c701e54db3b8ab6cf8ee1d89b6d09f8bcf9f45faf126e5e4f5fc8d3214ed804e8937098d4985d1fef3ebddc42e0baff7850"},"msg":"accepted","time":"2020-08-01T17:06:51.675Z","v":0}
{"name":"earp","hostname":"RCD01","pid":35648,"level":30,"fileInfo":"007_2020_07_29_B2CPLYRACCDTLS_V00.xml","msg":"invalid_xml_syntax","time":"2020-08-01T17:06:59.591Z","v":0}
{"name":"earp","hostname":"RCD01","pid":29012,"level":30,"msg":"Systems Started","time":"2020-08-01T17:07:36.840Z","v":0}
{"name":"earp","hostname":"RCD01","pid":29012,"level":30,"fileInfo":{"filename":"100_2020_07_29_B2CPLYRACCDTLS_V00.xml","oper":"100","date":"2020_07_29","type":"B2CPLYRACCDTLS_","vers":0,"hash":"4ecfb0b919107bd70e6a55021a403c701e54db3b8ab6cf8ee1d89b6d09f8bcf9f45faf126e5e4f5fc8d3214ed804e8937098d4985d1fef3ebddc42e0baff7850"},"msg":"accepted","time":"2020-08-01T17:07:36.864Z","v":0}
{"name":"earp","hostname":"RCD01","pid":29012,"level":30,"fileInfo":{"filename":"007_2020_07_28_B2CPLYRACCDTLS_V00.xml","oper":"007","date":"2020_07_28","type":"B2CPLYRACCDTLS_","vers":0,"hash":"4ecfb0b919107bd70e6a55021a403c701e54db3b8ab6cf8ee1d89b6d09f8bcf9f45faf126e5e4f5fc8d3214ed804e8937098d4985d1fef3ebddc42e0baff7850"},"msg":"accepted","time":"2020-08-01T17:07:36.865Z","v":0}
{"name":"earp","hostname":"RCD01","pid":29012,"level":30,"fileInfo":"007_2020_07_29_B2CPLYRACCDTLS_V00.xml","msg":"invalid_xml_syntax","time":"2020-08-01T17:07:52.294Z","v":0}
{"name":"earp","hostname":"RCD01","pid":15772,"level":30,"msg":"Systems Started","time":"2020-08-01T17:09:42.434Z","v":0}
{"name":"earp","hostname":"RCD01","pid":15772,"level":30,"fileInfo":{"filename":"100_2020_07_29_B2CPLYRACCDTLS_V00.xml","oper":"100","date":"2020_07_29","type":"B2CPLYRACCDTLS_","vers":0,"hash":"4ecfb0b919107bd70e6a55021a403c701e54db3b8ab6cf8ee1d89b6d09f8bcf9f45faf126e5e4f5fc8d3214ed804e8937098d4985d1fef3ebddc42e0baff7850"},"msg":"accepted","time":"2020-08-01T17:09:42.466Z","v":0}
{"name":"earp","hostname":"RCD01","pid":15772,"level":30,"fileInfo":{"filename":"007_2020_07_28_B2CPLYRACCDTLS_V00.xml","oper":"007","date":"2020_07_28","type":"B2CPLYRACCDTLS_","vers":0,"hash":"4ecfb0b919107bd70e6a55021a403c701e54db3b8ab6cf8ee1d89b6d09f8bcf9f45faf126e5e4f5fc8d3214ed804e8937098d4985d1fef3ebddc42e0baff7850"},"msg":"accepted","time":"2020-08-01T17:09:42.467Z","v":0}
{"name":"earp","hostname":"RCD01","pid":15772,"level":30,"fileInfo":"007_2020_07_29_B2CPLYRACCDTLS_V00.xml","msg":"invalid_xml_syntax","time":"2020-08-01T17:09:56.647Z","v":0}
{"name":"earp","hostname":"RCD01","pid":12824,"level":30,"msg":"Systems Started","time":"2020-08-01T17:13:00.363Z","v":0}
{"name":"earp","hostname":"RCD01","pid":20276,"level":30,"msg":"Systems Started","time":"2020-08-01T17:14:06.346Z","v":0}
{"name":"earp","hostname":"RCD01","pid":29984,"level":30,"msg":"Systems Started","time":"2020-08-01T17:14:39.359Z","v":0}
{"name":"earp","hostname":"RCD01","pid":29984,"level":30,"fileInfo":{"filename":"100_2020_07_29_B2CPLYRACCDTLS_V00.xml","oper":"100","date":"2020_07_29","type":"B2CPLYRACCDTLS_","vers":0,"hash":"4ecfb0b919107bd70e6a55021a403c701e54db3b8ab6cf8ee1d89b6d09f8bcf9f45faf126e5e4f5fc8d3214ed804e8937098d4985d1fef3ebddc42e0baff7850"},"msg":"accepted","time":"2020-08-01T17:14:39.396Z","v":0}
{"name":"earp","hostname":"RCD01","pid":29984,"level":30,"fileInfo":{"filename":"007_2020_07_28_B2CPLYRACCDTLS_V00.xml","oper":"007","date":"2020_07_28","type":"B2CPLYRACCDTLS_","vers":0,"hash":"4ecfb0b919107bd70e6a55021a403c701e54db3b8ab6cf8ee1d89b6d09f8bcf9f45faf126e5e4f5fc8d3214ed804e8937098d4985d1fef3ebddc42e0baff7850"},"msg":"accepted","time":"2020-08-01T17:14:39.399Z","v":0}
{"name":"earp","hostname":"RCD01","pid":30768,"level":30,"msg":"Systems Started","time":"2020-08-01T17:15:19.952Z","v":0}
{"name":"earp","hostname":"RCD01","pid":30768,"level":30,"fileInfo":{"filename":"100_2020_07_29_B2CPLYRACCDTLS_V00.xml","oper":"100","date":"2020_07_29","type":"B2CPLYRACCDTLS_","vers":0,"hash":"4ecfb0b919107bd70e6a55021a403c701e54db3b8ab6cf8ee1d89b6d09f8bcf9f45faf126e5e4f5fc8d3214ed804e8937098d4985d1fef3ebddc42e0baff7850"},"msg":"accepted","time":"2020-08-01T17:15:19.979Z","v":0}
{"name":"earp","hostname":"RCD01","pid":30768,"level":30,"fileInfo":{"filename":"007_2020_07_28_B2CPLYRACCDTLS_V00.xml","oper":"007","date":"2020_07_28","type":"B2CPLYRACCDTLS_","vers":0,"hash":"4ecfb0b919107bd70e6a55021a403c701e54db3b8ab6cf8ee1d89b6d09f8bcf9f45faf126e5e4f5fc8d3214ed804e8937098d4985d1fef3ebddc42e0baff7850"},"msg":"accepted","time":"2020-08-01T17:15:19.980Z","v":0}
{"name":"earp","hostname":"RCD01","pid":30768,"level":30,"fileInfo":"007_2020_07_29_B2CPLYRACCDTLS_V00.xml","msg":"invalid_xml_syntax","time":"2020-08-01T17:15:31.205Z","v":0}
{"name":"earp","hostname":"RCD01","pid":32316,"level":30,"msg":"Systems Started","time":"2020-08-01T17:16:23.636Z","v":0}
{"name":"earp","hostname":"RCD01","pid":32316,"level":30,"fileInfo":{"filename":"100_2020_07_29_B2CPLYRACCDTLS_V00.xml","oper":"100","date":"2020_07_29","type":"B2CPLYRACCDTLS_","vers":0,"hash":"4ecfb0b919107bd70e6a55021a403c701e54db3b8ab6cf8ee1d89b6d09f8bcf9f45faf126e5e4f5fc8d3214ed804e8937098d4985d1fef3ebddc42e0baff7850"},"msg":"accepted","time":"2020-08-01T17:16:23.667Z","v":0}
{"name":"earp","hostname":"RCD01","pid":32316,"level":30,"fileInfo":{"filename":"007_2020_07_28_B2CPLYRACCDTLS_V00.xml","oper":"007","date":"2020_07_28","type":"B2CPLYRACCDTLS_","vers":0,"hash":"4ecfb0b919107bd70e6a55021a403c701e54db3b8ab6cf8ee1d89b6d09f8bcf9f45faf126e5e4f5fc8d3214ed804e8937098d4985d1fef3ebddc42e0baff7850"},"msg":"accepted","time":"2020-08-01T17:16:23.668Z","v":0}
{"name":"earp","hostname":"RCD01","pid":32316,"level":30,"fileInfo":"007_2020_07_29_B2CPLYRACCDTLS_V00.xml","msg":"invalid_xml_syntax","time":"2020-08-01T17:16:27.506Z","v":0}
{"name":"earp","hostname":"RCD01","pid":1980,"level":30,"msg":"Systems Started","time":"2020-08-01T17:16:56.524Z","v":0}
{"name":"earp","hostname":"RCD01","pid":1980,"level":30,"fileInfo":{"filename":"100_2020_07_29_B2CPLYRACCDTLS_V00.xml","oper":"100","date":"2020_07_29","type":"B2CPLYRACCDTLS_","vers":0,"hash":"4ecfb0b919107bd70e6a55021a403c701e54db3b8ab6cf8ee1d89b6d09f8bcf9f45faf126e5e4f5fc8d3214ed804e8937098d4985d1fef3ebddc42e0baff7850"},"msg":"accepted","time":"2020-08-01T17:16:56.551Z","v":0}
{"name":"earp","hostname":"RCD01","pid":1980,"level":30,"fileInfo":{"filename":"007_2020_07_28_B2CPLYRACCDTLS_V00.xml","oper":"007","date":"2020_07_28","type":"B2CPLYRACCDTLS_","vers":0,"hash":"4ecfb0b919107bd70e6a55021a403c701e54db3b8ab6cf8ee1d89b6d09f8bcf9f45faf126e5e4f5fc8d3214ed804e8937098d4985d1fef3ebddc42e0baff7850"},"msg":"accepted","time":"2020-08-01T17:16:56.552Z","v":0}
{"name":"earp","hostname":"RCD01","pid":1980,"level":30,"fileInfo":"007_2020_07_29_B2CPLYRACCDTLS_V00.xml","msg":"invalid_xml_syntax","time":"2020-08-01T17:17:02.350Z","v":0}
{"name":"earp","hostname":"RCD01","pid":1980,"level":30,"msg":"007_2020_07_29_B2CPLYRACCDTLS_V00.xml has been removed","time":"2020-08-01T17:17:22.229Z","v":0}
{"name":"earp","hostname":"RCD01","pid":1980,"level":30,"fileInfo":"007_2020_07_29_B2CPLYRACCDTLS_00.xml","msg":"rejected","time":"2020-08-01T17:17:23.134Z","v":0}
{"name":"earp","hostname":"Acer-Veriton","pid":17444,"level":30,"msg":"Systems Started","time":"2020-08-02T08:47:54.146Z","v":0}
{"name":"earp","hostname":"Acer-Veriton","pid":17444,"level":30,"fileInfo":"007_2020_07_29_B2CPLYRACCDTLS_00.xml","msg":"rejected","time":"2020-08-02T08:47:54.191Z","v":0}
{"name":"earp","hostname":"Acer-Veriton","pid":17444,"level":30,"fileInfo":{"filename":"100_2020_07_29_B2CPLYRACCDTLS_V00.xml","oper":"100","date":"2020_07_29","type":"B2CPLYRACCDTLS_","vers":0,"hash":"4ecfb0b919107bd70e6a55021a403c701e54db3b8ab6cf8ee1d89b6d09f8bcf9f45faf126e5e4f5fc8d3214ed804e8937098d4985d1fef3ebddc42e0baff7850"},"msg":"accepted","time":"2020-08-02T08:47:54.200Z","v":0}
{"name":"earp","hostname":"Acer-Veriton","pid":17444,"level":30,"fileInfo":{"filename":"007_2020_07_28_B2CPLYRACCDTLS_V00.xml","oper":"007","date":"2020_07_28","type":"B2CPLYRACCDTLS_","vers":0,"hash":"4ecfb0b919107bd70e6a55021a403c701e54db3b8ab6cf8ee1d89b6d09f8bcf9f45faf126e5e4f5fc8d3214ed804e8937098d4985d1fef3ebddc42e0baff7850"},"msg":"accepted","time":"2020-08-02T08:47:54.205Z","v":0}
{"name":"earp","hostname":"Acer-Veriton","pid":17444,"level":30,"msg":"007_2020_07_29_B2CPLYRACCDTLS_00.xml has been removed","time":"2020-08-02T08:47:54.304Z","v":0}
{"name":"earp","hostname":"Acer-Veriton","pid":2140,"level":30,"msg":"Systems Started","time":"2020-08-02T08:54:51.015Z","v":0}
{"name":"earp","hostname":"Acer-Veriton","pid":2140,"level":30,"fileInfo":{"filename":"100_2020_07_29_B2CPLYRACCDTLS_V00.xml","oper":"100","date":"2020_07_29","type":"B2CPLYRACCDTLS_","vers":0,"hash":"4ecfb0b919107bd70e6a55021a403c701e54db3b8ab6cf8ee1d89b6d09f8bcf9f45faf126e5e4f5fc8d3214ed804e8937098d4985d1fef3ebddc42e0baff7850"},"msg":"accepted","time":"2020-08-02T08:54:51.041Z","v":0}
{"name":"earp","hostname":"Acer-Veriton","pid":2140,"level":30,"fileInfo":{"filename":"007_2020_07_28_B2CPLYRACCDTLS_V00.xml","oper":"007","date":"2020_07_28","type":"B2CPLYRACCDTLS_","vers":0,"hash":"4ecfb0b919107bd70e6a55021a403c701e54db3b8ab6cf8ee1d89b6d09f8bcf9f45faf126e5e4f5fc8d3214ed804e8937098d4985d1fef3ebddc42e0baff7850"},"msg":"accepted","time":"2020-08-02T08:54:51.042Z","v":0}
{"name":"earp","hostname":"Acer-Veriton","pid":13784,"level":30,"msg":"Systems Started","time":"2020-08-02T08:55:01.540Z","v":0}
{"name":"earp","hostname":"Acer-Veriton","pid":13784,"level":30,"fileInfo":{"filename":"100_2020_07_29_B2CPLYRACCDTLS_V00.xml","oper":"100","date":"2020_07_29","type":"B2CPLYRACCDTLS_","vers":0,"hash":"4ecfb0b919107bd70e6a55021a403c701e54db3b8ab6cf8ee1d89b6d09f8bcf9f45faf126e5e4f5fc8d3214ed804e8937098d4985d1fef3ebddc42e0baff7850"},"msg":"accepted","time":"2020-08-02T08:55:01.569Z","v":0}
{"name":"earp","hostname":"Acer-Veriton","pid":13784,"level":30,"fileInfo":{"filename":"007_2020_07_28_B2CPLYRACCDTLS_V00.xml","oper":"007","date":"2020_07_28","type":"B2CPLYRACCDTLS_","vers":0,"hash":"4ecfb0b919107bd70e6a55021a403c701e54db3b8ab6cf8ee1d89b6d09f8bcf9f45faf126e5e4f5fc8d3214ed804e8937098d4985d1fef3ebddc42e0baff7850"},"msg":"accepted","time":"2020-08-02T08:55:01.569Z","v":0}
{"name":"earp","hostname":"Acer-Veriton","pid":13784,"level":30,"fileInfo":"007_2020_07_27_B2CPLYRACCDTLS_V00.xml","msg":"invalid_xml_syntax","time":"2020-08-02T08:55:23.109Z","v":0}
{"name":"earp","hostname":"Acer-Veriton","pid":13044,"level":30,"fileInfo":{"filename":41,"oper":"007","date":"2020_07_28","type":"B2CPLYRACCDTLS_","vers":0},"msg":"accepted","time":"2020-08-02T11:50:18.160Z","v":0}
{"name":"earp","hostname":"Acer-Veriton","pid":13044,"level":30,"fileInfo":{},"msg":"rejected: invalid filename","time":"2020-08-02T11:51:02.722Z","v":0}
{"name":"earp","hostname":"Acer-Veriton","pid":13044,"level":30,"msg":"007_2020_07_29_B2CPLYRACCDTLS_00.xml has been removed","time":"2020-08-02T11:51:02.838Z","v":0}
{"name":"earp","hostname":"Acer-Veriton","pid":7180,"level":30,"fileInfo":{"filename":41,"oper":"007","date":"2020_07_28","type":"B2CPLYRACCDTLS_","vers":0},"msg":"accepted","time":"2020-08-02T11:51:59.340Z","v":0}
{"name":"earp","hostname":"Acer-Veriton","pid":7180,"level":30,"fileInfo":{},"msg":"rejected: invalid filename","time":"2020-08-02T11:52:12.232Z","v":0}
{"name":"earp","hostname":"Acer-Veriton","pid":7180,"level":30,"msg":"007_2020_07_29_B2CPLYRACCDTLS_00.xml has been removed","time":"2020-08-02T11:52:12.379Z","v":0}
{"name":"earp","hostname":"Acer-Veriton","pid":9976,"level":30,"fileInfo":{"filename":41,"oper":"007","date":"2020_07_28","type":"B2CPLYRACCDTLS_","vers":0},"msg":"accepted","time":"2020-08-02T11:52:58.703Z","v":0}
{"name":"earp","hostname":"Acer-Veriton","pid":9976,"level":30,"fileInfo":{},"msg":"rejected: invalid filename","time":"2020-08-02T11:53:45.032Z","v":0}
{"name":"earp","hostname":"Acer-Veriton","pid":9976,"level":30,"msg":"007_2020_07_29_B2CPLYRACCDTLS_00.xml has been removed","time":"2020-08-02T11:53:45.141Z","v":0}
{"name":"earp","hostname":"Acer-Veriton","pid":7868,"level":30,"fileInfo":{"filename":41,"oper":"007","date":"2020_07_28","type":"B2CPLYRACCDTLS_","vers":0},"msg":"accepted","time":"2020-08-02T11:55:28.689Z","v":0}
{"name":"earp","hostname":"Acer-Veriton","pid":7868,"level":30,"fileInfo":{"filename":41},"msg":"rejected: invalid filename","time":"2020-08-02T11:55:43.904Z","v":0}
{"name":"earp","hostname":"Acer-Veriton","pid":7868,"level":30,"msg":"007_2020_07_29_B2CPLYRACCDTLS_00.xml has been removed","time":"2020-08-02T11:55:44.024Z","v":0}
{"name":"earp","hostname":"Acer-Veriton","pid":15680,"level":30,"fileInfo":{"filename":"007_2020_07_28_B2CPLYRACCDTLS_V00.xml","oper":"007","date":"2020_07_28","type":"B2CPLYRACCDTLS_","vers":0},"msg":"accepted","time":"2020-08-02T11:57:13.269Z","v":0}
{"name":"earp","hostname":"Acer-Veriton","pid":14300,"level":30,"fileInfo":{"filename":"007_2020_07_28_B2CPLYRACCDTLS_V00.xml","oper":"007","date":"2020_07_28","type":"B2CPLYRACCDTLS","vers":0},"msg":"accepted","time":"2020-08-02T11:58:54.195Z","v":0}
{"name":"earp","hostname":"Acer-Veriton","pid":14300,"level":30,"fileInfo":{"filename":"007_2020_07_29_B2CPLYRACCDTLS_00.xml"},"msg":"rejected: invalid filename","time":"2020-08-02T11:59:08.520Z","v":0}
{"name":"earp","hostname":"Acer-Veriton","pid":14300,"level":30,"msg":"007_2020_07_29_B2CPLYRACCDTLS_00.xml has been removed","time":"2020-08-02T11:59:08.629Z","v":0}
{"name":"earp","hostname":"Acer-Veriton","pid":14300,"level":30,"fileInfo":{"filename":"100_2020_07_29_B2CPLYRACCDTLS_V00.xml","oper":"100","date":"2020_07_29","type":"B2CPLYRACCDTLS","vers":0},"msg":"accepted","time":"2020-08-02T11:59:25.209Z","v":0}
{"name":"earp","hostname":"Acer-Veriton","pid":14300,"level":30,"fileInfo":{"filename":"007_2020_07_29_B2CPLYRACCDTLS_V00.xml"},"msg":"rejected: invalid xml syntax","time":"2020-08-02T12:00:09.585Z","v":0}
{"name":"earp","hostname":"Acer-Veriton","pid":14300,"level":30,"msg":"007_2020_07_29_B2CPLYRACCDTLS_V00.xml has been removed","time":"2020-08-02T12:00:09.718Z","v":0}
{"name":"earp","hostname":"Acer-Veriton","pid":16648,"level":30,"msg":"Systems Started","time":"2020-08-02T12:06:09.139Z","v":0}
{"name":"earp","hostname":"Acer-Veriton","pid":16648,"level":30,"msg":"user test logged in succesfully.","time":"2020-08-02T12:07:03.322Z","v":0}
{"name":"earp","hostname":"Acer-Veriton","pid":3796,"level":30,"fileInfo":{"filename":"007_2020_07_28_B2CPLYRACCDTLS_V00.xml","oper":"007","date":"2020_07_28","type":"B2CPLYRACCDTLS","vers":0},"msg":"accepted","time":"2020-08-02T12:07:43.059Z","v":0}
{"name":"earp","hostname":"Acer-Veriton","pid":3796,"level":30,"fileInfo":{"filename":"100_2020_07_29_B2CPLYRACCDTLS_V00.xml","oper":"100","date":"2020_07_29","type":"B2CPLYRACCDTLS","vers":0},"msg":"accepted","time":"2020-08-02T12:07:43.068Z","v":0}
{"name":"earp","hostname":"Acer-Veriton","pid":16648,"level":30,"msg":"user test logged in succesfully.","time":"2020-08-02T12:08:00.827Z","v":0}
{"name":"earp","hostname":"Acer-Veriton","pid":16648,"level":30,"msg":"c:\\Users\\Dell\\node-ftpsrv\\downloads\\test\\007_2020_07_29_B2CPLYRACCDTLS_00.xml has been stored.","time":"2020-08-02T12:08:00.918Z","v":0}
{"name":"earp","hostname":"Acer-Veriton","pid":3796,"level":30,"fileInfo":{"filename":"007_2020_07_29_B2CPLYRACCDTLS_00.xml"},"msg":"rejected: invalid filename","time":"2020-08-02T12:08:01.947Z","v":0}
{"name":"earp","hostname":"Acer-Veriton","pid":3796,"level":30,"msg":"007_2020_07_29_B2CPLYRACCDTLS_00.xml has been removed","time":"2020-08-02T12:08:02.093Z","v":0}
{"name":"earp","hostname":"Acer-Veriton","pid":16648,"level":30,"msg":"c:\\Users\\Dell\\node-ftpsrv\\downloads\\test\\007_2020_07_29_B2CPLYRACCDTLS_V00.xml has been stored.","time":"2020-08-02T12:08:12.465Z","v":0}
{"name":"earp","hostname":"Acer-Veriton","pid":3796,"level":30,"fileInfo":{"filename":"007_2020_07_29_B2CPLYRACCDTLS_V00.xml"},"msg":"rejected: invalid xml syntax","time":"2020-08-02T12:08:13.590Z","v":0}
{"name":"earp","hostname":"Acer-Veriton","pid":3796,"level":30,"msg":"007_2020_07_29_B2CPLYRACCDTLS_V00.xml has been removed","time":"2020-08-02T12:08:13.705Z","v":0}
{"name":"earp","hostname":"Acer-Veriton","pid":4788,"level":30,"msg":"Systems Started","time":"2020-08-02T12:11:09.647Z","v":0}
{"name":"earp","hostname":"Acer-Veriton","pid":4788,"level":30,"msg":"user test logged in succesfully.","time":"2020-08-02T12:11:44.510Z","v":0}
{"name":"earp","hostname":"Acer-Veriton","pid":4788,"level":30,"msg":"user test logged in succesfully.","time":"2020-08-02T12:11:50.526Z","v":0}
{"name":"earp","hostname":"RCD01","pid":33840,"level":30,"fileInfo":{"filename":"007_2020_07_28_B2CPLYRACCDTLS_V00.xml","oper":"007","date":"2020_07_28","type":"B2CPLYRACCDTLS","vers":0},"msg":"accepted","time":"2020-08-03T08:29:10.169Z","v":0}
{"name":"earp","hostname":"RCD01","pid":33840,"level":30,"fileInfo":{"filename":"100_2020_07_29_B2CPLYRACCDTLS_V00.xml","oper":"100","date":"2020_07_29","type":"B2CPLYRACCDTLS","vers":0},"msg":"accepted","time":"2020-08-03T08:29:10.182Z","v":0}
{"name":"earp","hostname":"RCD01","pid":33840,"level":30,"fileInfo":{"filename":"007_2020_07_29_B2CPLYRACCDTLS_00.xml"},"msg":"rejected: invalid filename","time":"2020-08-03T08:29:52.834Z","v":0}
{"name":"earp","hostname":"RCD01","pid":33840,"level":30,"msg":"007_2020_07_29_B2CPLYRACCDTLS_00.xml has been removed","time":"2020-08-03T08:29:52.936Z","v":0}
{"name":"earp","hostname":"RCD01","pid":33840,"level":30,"fileInfo":{"filename":"007_2020_07_25_B2CPLYRACCDTLS_V00.xml"},"msg":"rejected: invalid xml syntax","time":"2020-08-03T08:31:31.302Z","v":0}
{"name":"earp","hostname":"RCD01","pid":33840,"level":30,"msg":"007_2020_07_25_B2CPLYRACCDTLS_V00.xml has been removed","time":"2020-08-03T08:31:31.403Z","v":0}
{"name":"earp","hostname":"RCD01","pid":33840,"level":30,"fileInfo":{"filename":"007_2020_07_01_B2CPLYRACCDTLS_V00.xml","oper":"007","date":"2020_07_01","type":"B2CPLYRACCDTLS","vers":0},"msg":"accepted","time":"2020-08-03T08:34:24.490Z","v":0}
{"name":"earp","hostname":"RCD01","pid":19580,"level":30,"msg":"Systems Started","time":"2020-08-03T09:46:56.211Z","v":0}
{"name":"earp","hostname":"RCD01","pid":38140,"level":30,"msg":"Systems Started","time":"2020-08-03T09:47:18.185Z","v":0}
{"name":"earp","hostname":"RCD01","pid":1252,"level":30,"fileInfo":{"filename":"007_2020_07_28_B2CPLYRACCDTLS_V00.xml","oper":"007","date":"2020_07_28","type":"B2CPLYRACCDTLS","vers":0,"hash":"536b17c5cea5537d639734ff2df223427f5e0427100fb364961d1638069d784b"},"msg":"accepted","time":"2020-08-03T09:54:28.447Z","v":0}
{"name":"earp","hostname":"RCD01","pid":1252,"level":30,"fileInfo":{"filename":"100_2020_07_29_B2CPLYRACCDTLS_V00.xml","oper":"100","date":"2020_07_29","type":"B2CPLYRACCDTLS","vers":0,"hash":"536b17c5cea5537d639734ff2df223427f5e0427100fb364961d1638069d784b"},"msg":"accepted","time":"2020-08-03T09:54:28.448Z","v":0}
{"name":"earp","hostname":"RCD01","pid":1252,"level":30,"fileInfo":{"filename":"007_2020_07_01_B2CPLYRACCDTLS_V00.xml","oper":"007","date":"2020_07_01","type":"B2CPLYRACCDTLS","vers":0,"hash":"21cb2431884f6d8497ae17a1d239fffa71d54b1cfc1bb754f8dcd3e352a6f37f"},"msg":"accepted","time":"2020-08-03T09:54:28.456Z","v":0}
{"name":"earp","hostname":"RCD01","pid":1252,"level":30,"msg":"007_2020_07_01_B2CPLYRACCDTLS_V00.xml has been removed","time":"2020-08-03T10:02:45.067Z","v":0}
{"name":"earp","hostname":"RCD01","pid":1252,"level":30,"msg":"007_2020_07_28_B2CPLYRACCDTLS_V00.xml has been removed","time":"2020-08-03T10:02:45.068Z","v":0}
{"name":"earp","hostname":"RCD01","pid":1252,"level":30,"msg":"100_2020_07_29_B2CPLYRACCDTLS_V00.xml has been removed","time":"2020-08-03T10:02:45.069Z","v":0}
{"name":"earp","hostname":"RCD01","pid":1252,"level":30,"fileInfo":{"filename":"007_2020_07_01_B2CPLYRACCDTLS_V00.xml","oper":"007","date":"2020_07_01","type":"B2CPLYRACCDTLS","vers":0,"hash":"21cb2431884f6d8497ae17a1d239fffa71d54b1cfc1bb754f8dcd3e352a6f37f"},"msg":"accepted","time":"2020-08-03T10:03:04.537Z","v":0}
{"name":"earp","hostname":"RCD01","pid":1252,"level":30,"fileInfo":{"filename":"007_2020_07_29_B2CPLYRACCDTLS_00.xml"},"msg":"rejected: invalid filename","time":"2020-08-03T10:03:19.945Z","v":0}
{"name":"earp","hostname":"RCD01","pid":1252,"level":30,"msg":"007_2020_07_29_B2CPLYRACCDTLS_00.xml has been removed","time":"2020-08-03T10:03:20.048Z","v":0}
{"name":"earp","hostname":"RCD01","pid":1252,"level":30,"msg":"007_2020_07_01_B2CPLYRACCDTLS_V00.xml has been removed","time":"2020-08-03T10:08:37.343Z","v":0}
{"name":"earp","hostname":"RCD01","pid":1252,"level":30,"fileInfo":{"filename":"007_2020_07_25_B2CPLYRACCDTLS_V00.xml"},"msg":"rejected: invalid xml syntax","time":"2020-08-03T10:08:53.355Z","v":0}
{"name":"earp","hostname":"RCD01","pid":1252,"level":30,"msg":"007_2020_07_25_B2CPLYRACCDTLS_V00.xml has been removed","time":"2020-08-03T10:08:53.457Z","v":0}
{"name":"earp","hostname":"RCD01","pid":1252,"level":30,"fileInfo":{"filename":"007_2020_07_29_B2CPLYRACCDTLS_V00.xml"},"msg":"rejected: invalid xml syntax","time":"2020-08-03T10:09:13.055Z","v":0}
{"name":"earp","hostname":"RCD01","pid":1252,"level":30,"msg":"007_2020_07_29_B2CPLYRACCDTLS_V00.xml has been removed","time":"2020-08-03T10:09:13.157Z","v":0}
{"name":"earp","hostname":"RCD01","pid":1252,"level":30,"fileInfo":{"filename":"007_2020_07_29_B2CPLYRACCDTLS_00.xml"},"msg":"rejected: invalid filename","time":"2020-08-03T10:09:32.279Z","v":0}
{"name":"earp","hostname":"RCD01","pid":1252,"level":30,"msg":"007_2020_07_29_B2CPLYRACCDTLS_00.xml has been removed","time":"2020-08-03T10:09:32.382Z","v":0}
{"name":"earp","hostname":"RCD01","pid":1252,"level":30,"fileInfo":{"filename":"007_2020_07_25_B2CPLYRACCDTLS_V00.xml"},"msg":"rejected: invalid xml syntax","time":"2020-08-03T10:12:20.692Z","v":0}
{"name":"earp","hostname":"RCD01","pid":1252,"level":30,"msg":"007_2020_07_25_B2CPLYRACCDTLS_V00.xml has been removed","time":"2020-08-03T10:12:20.795Z","v":0}
{"name":"earp","hostname":"RCD01","pid":1252,"level":30,"fileInfo":{"filename":"007_2020_07_01_B2CPLYRACCDTLS_V00.xml","oper":"007","date":"2020_07_01","type":"B2CPLYRACCDTLS","vers":0,"hash":"21cb2431884f6d8497ae17a1d239fffa71d54b1cfc1bb754f8dcd3e352a6f37f"},"msg":"accepted","time":"2020-08-03T10:13:46.243Z","v":0}
{"name":"earp","hostname":"RCD01","pid":1252,"level":30,"fileInfo":{"filename":"007_2020_07_29_B2CPLYRACCDTLS_V00.xml"},"msg":"rejected: invalid xml syntax","time":"2020-08-03T10:14:24.131Z","v":0}
{"name":"earp","hostname":"RCD01","pid":1252,"level":30,"msg":"007_2020_07_29_B2CPLYRACCDTLS_V00.xml has been removed","time":"2020-08-03T10:14:24.234Z","v":0}
{"name":"earp","hostname":"RCD01","pid":1252,"level":30,"fileInfo":{"filename":"007_2020_07_29_B2CPLYRACCDTLS_V00.xml","oper":"007","date":"2020_07_29","type":"B2CPLYRACCDTLS","vers":0,"hash":"536b17c5cea5537d639734ff2df223427f5e0427100fb364961d1638069d784b"},"msg":"accepted","time":"2020-08-03T10:15:01.755Z","v":0}
{"name":"earp","hostname":"RCD01","pid":29340,"level":30,"fileInfo":{"filename":"007_2020_07_29_B2CPLYRACCDTLS_V00.xml","oper":"007","date":"2020_07_29","type":"B2CPLYRACCDTLS","vers":0,"hash":"536b17c5cea5537d639734ff2df223427f5e0427100fb364961d1638069d784b"},"msg":"accepted","time":"2020-08-05T13:57:19.535Z","v":0}
{"name":"earp","hostname":"RCD01","pid":29340,"level":30,"fileInfo":{"filename":"007_2020_07_01_B2CPLYRACCDTLS_V00.xml","oper":"007","date":"2020_07_01","type":"B2CPLYRACCDTLS","vers":0,"hash":"21cb2431884f6d8497ae17a1d239fffa71d54b1cfc1bb754f8dcd3e352a6f37f"},"msg":"accepted","time":"2020-08-05T13:57:19.544Z","v":0}
{"name":"earp","hostname":"RCD01","pid":29340,"level":30,"fileInfo":{"filename":"009_2020_10_28_B2BTYP1SMRY_V00.XML"},"msg":"rejected: invalid filename","time":"2020-08-05T15:48:31.903Z","v":0}
{"name":"earp","hostname":"RCD01","pid":29340,"level":30,"msg":"009_2020_10_28_B2BTYP1SMRY_V00.XML has been removed","time":"2020-08-05T15:48:32.014Z","v":0}
{"name":"earp","hostname":"RCD01","pid":29340,"level":30,"fileInfo":{"filename":"009_2020_10_28_B2BTYP1SMRY_V00.XML"},"msg":"rejected: invalid filename","time":"2020-08-05T15:52:37.296Z","v":0}
{"name":"earp","hostname":"RCD01","pid":29340,"level":30,"msg":"009_2020_10_28_B2BTYP1SMRY_V00.XML has been removed","time":"2020-08-05T15:52:37.399Z","v":0}
{"name":"earp","hostname":"RCD01","pid":29340,"level":30,"fileInfo":{"filename":"009_2020_10_28_B2BTYP1SMRY_V00.xml"},"msg":"rejected: invalid filename","time":"2020-08-05T15:53:30.736Z","v":0}
{"name":"earp","hostname":"RCD01","pid":29340,"level":30,"msg":"009_2020_10_28_B2BTYP1SMRY_V00.xml has been removed","time":"2020-08-05T15:53:30.839Z","v":0}
{"name":"earp","hostname":"RCD01","pid":15220,"level":30,"fileInfo":{"filename":"007_2020_07_29_B2CPLYRACCDTLS_V00.xml","oper":"007","date":"2020_07_29","type":"B2CPLYRACCDTLS","vers":0,"hash":"536b17c5cea5537d639734ff2df223427f5e0427100fb364961d1638069d784b"},"msg":"accepted","time":"2020-08-05T15:54:46.526Z","v":0}
{"name":"earp","hostname":"RCD01","pid":15220,"level":30,"fileInfo":{"filename":"007_2020_07_01_B2CPLYRACCDTLS_V00.xml","oper":"007","date":"2020_07_01","type":"B2CPLYRACCDTLS","vers":0,"hash":"21cb2431884f6d8497ae17a1d239fffa71d54b1cfc1bb754f8dcd3e352a6f37f"},"msg":"accepted","time":"2020-08-05T15:54:46.534Z","v":0}
{"name":"earp","hostname":"RCD01","pid":15220,"level":30,"fileInfo":{"filename":"009_2020_10_28_B2BTYP1SMRY_V00.xml","oper":"009","date":"2020_10_28","type":"B2BTYP1SMRY","vers":0,"hash":"e245958df066b5b073e8d9959e61853a81ddeac45b6f950a77834519ce513d1c"},"msg":"accepted","time":"2020-08-05T15:54:58.319Z","v":0}
